<?xml version="1.0" encoding="UTF-8"?>
<!-- Generated by org.testng.reporters.JUnitReportReporter -->
<testsuite skipped="0" hostname="LAPTOP-BIDICSR9" name="Mavenproject.RESTAPITest" tests="2" failures="0" timestamp="16 Aug 2020 10:49:09 GMT" time="0.008" errors="0">
  <testcase name="postJira" time="0.000" classname="Mavenproject.RESTAPITest"/>
  <testcase name="deleteTwitter" time="0.008" classname="Mavenproject.RESTAPITest"/>
</testsuite> <!-- Mavenproject.RESTAPITest -->
