<?xml version="1.0" encoding="UTF-8"?>
<!-- Generated by org.testng.reporters.JUnitReportReporter -->
<testsuite skipped="0" hostname="LAPTOP-BIDICSR9" name="Mavenproject.AppiumTest" tests="2" failures="0" timestamp="16 Aug 2020 10:48:27 GMT" time="0.000" errors="0">
  <testcase name="NativeAppAndroid" time="0.000" classname="Mavenproject.AppiumTest"/>
  <testcase name="IOSapps" time="0.000" classname="Mavenproject.AppiumTest"/>
</testsuite> <!-- Mavenproject.AppiumTest -->
