<?xml version="1.0" encoding="UTF-8"?>
<!-- Generated by org.testng.reporters.JUnitReportReporter -->
<testsuite skipped="0" hostname="LAPTOP-BIDICSR9" name="Mavenproject.SeleniumTest" tests="2" failures="0" timestamp="16 Aug 2020 10:49:09 GMT" time="0.001" errors="0">
  <testcase name="elementsUi" time="0.001" classname="Mavenproject.SeleniumTest"/>
  <testcase name="BrowserAutomation" time="0.000" classname="Mavenproject.SeleniumTest"/>
</testsuite> <!-- Mavenproject.SeleniumTest -->
